<?xml version="1.0" encoding="UTF-8"?>
<testng-results ignored="0" total="0" passed="0" failed="0" skipped="0">
  <reporter-output>
  </reporter-output>
  <suite started-at="2022-12-21T19:45:59 IST" name="Default suite" finished-at="2022-12-21T19:45:59 IST" duration-ms="648">
    <groups>
      <group name="cucumber">
        <method signature="AbstractTestNGCucumberTests.runScenario(io.cucumber.testng.PickleWrapper,io.cucumber.testng.FeatureWrapper)[pri:0, instance:runner__package._1Runner_loginpage@3de8f619]" name="runScenario" class="io.cucumber.testng.AbstractTestNGCucumberTests"/>
      </group> <!-- cucumber -->
    </groups>
    <test started-at="2022-12-21T19:45:59 IST" name="Default test" finished-at="2022-12-21T19:45:59 IST" duration-ms="648">
      <class name="runner__package._1Runner_loginpage">
        <test-method is-config="true" signature="setUpClass(org.testng.ITestContext)[pri:0, instance:runner__package._1Runner_loginpage@3de8f619]" started-at="2022-12-21T19:45:59 IST" name="setUpClass" finished-at="2022-12-21T19:45:59 IST" duration-ms="511" status="PASS">
          <params>
            <param index="0">
              <value>
                <![CDATA[org.testng.TestRunner@2654635]]>
              </value>
            </param>
          </params>
          <reporter-output>
          </reporter-output>
        </test-method> <!-- setUpClass -->
        <test-method is-config="true" signature="tearDownClass()[pri:0, instance:runner__package._1Runner_loginpage@3de8f619]" started-at="2022-12-21T19:45:59 IST" name="tearDownClass" finished-at="2022-12-21T19:45:59 IST" duration-ms="39" status="PASS">
          <reporter-output>
          </reporter-output>
        </test-method> <!-- tearDownClass -->
      </class> <!-- runner__package._1Runner_loginpage -->
    </test> <!-- Default test -->
  </suite> <!-- Default suite -->
</testng-results>
